mode: set
github.com/tealwp/gofileparser/api.go:15.56,17.2 1 1
github.com/tealwp/gofileparser/api.go:30.60,32.2 1 1
github.com/tealwp/gofileparser/parser.go:15.56,17.16 2 1
github.com/tealwp/gofileparser/parser.go:17.16,19.3 1 0
github.com/tealwp/gofileparser/parser.go:21.2,23.16 3 1
github.com/tealwp/gofileparser/parser.go:23.16,25.3 1 0
github.com/tealwp/gofileparser/parser.go:27.2,31.21 3 1
github.com/tealwp/gofileparser/parser.go:31.21,33.3 1 0
github.com/tealwp/gofileparser/parser.go:35.2,35.34 1 1
github.com/tealwp/gofileparser/parser.go:35.34,36.27 1 1
github.com/tealwp/gofileparser/parser.go:37.21,38.17 1 1
github.com/tealwp/gofileparser/parser.go:39.22,40.70 1 1
github.com/tealwp/gofileparser/parser.go:41.21,42.76 1 1
github.com/tealwp/gofileparser/parser.go:43.19,44.76 1 1
github.com/tealwp/gofileparser/parser.go:45.20,46.32 1 1
github.com/tealwp/gofileparser/parser.go:48.22,49.21 1 1
github.com/tealwp/gofileparser/parser.go:49.21,51.5 1 1
github.com/tealwp/gofileparser/parser.go:51.10,53.5 1 1
github.com/tealwp/gofileparser/parser.go:57.2,59.20 2 1
github.com/tealwp/gofileparser/parser.go:63.60,65.16 2 1
github.com/tealwp/gofileparser/parser.go:65.16,67.3 1 0
github.com/tealwp/gofileparser/parser.go:69.2,70.29 2 1
github.com/tealwp/gofileparser/parser.go:70.29,72.55 1 1
github.com/tealwp/gofileparser/parser.go:72.55,74.18 2 1
github.com/tealwp/gofileparser/parser.go:74.18,76.5 1 0
github.com/tealwp/gofileparser/parser.go:77.4,77.49 1 1
github.com/tealwp/gofileparser/parser.go:81.2,81.25 1 1
github.com/tealwp/gofileparser/parser.go:85.72,87.34 2 1
github.com/tealwp/gofileparser/parser.go:87.34,88.43 1 1
github.com/tealwp/gofileparser/parser.go:88.43,93.22 2 1
github.com/tealwp/gofileparser/parser.go:93.22,95.5 1 1
github.com/tealwp/gofileparser/parser.go:96.4,96.34 1 1
github.com/tealwp/gofileparser/parser.go:99.2,99.16 1 1
github.com/tealwp/gofileparser/parser.go:103.76,105.34 2 1
github.com/tealwp/gofileparser/parser.go:105.34,106.42 1 1
github.com/tealwp/gofileparser/parser.go:106.42,107.34 1 1
github.com/tealwp/gofileparser/parser.go:107.34,114.27 2 1
github.com/tealwp/gofileparser/parser.go:114.27,116.6 1 1
github.com/tealwp/gofileparser/parser.go:117.5,117.37 1 1
github.com/tealwp/gofileparser/parser.go:121.2,121.18 1 1
github.com/tealwp/gofileparser/parser.go:125.76,127.34 2 1
github.com/tealwp/gofileparser/parser.go:127.34,128.42 1 1
github.com/tealwp/gofileparser/parser.go:128.42,129.34 1 1
github.com/tealwp/gofileparser/parser.go:129.34,136.27 2 1
github.com/tealwp/gofileparser/parser.go:136.27,138.6 1 0
github.com/tealwp/gofileparser/parser.go:139.5,139.37 1 1
github.com/tealwp/gofileparser/parser.go:143.2,143.18 1 1
github.com/tealwp/gofileparser/parser.go:147.77,148.34 1 1
github.com/tealwp/gofileparser/parser.go:148.34,149.41 1 1
github.com/tealwp/gofileparser/parser.go:149.41,150.49 1 1
github.com/tealwp/gofileparser/parser.go:150.49,152.5 1 0
github.com/tealwp/gofileparser/parser.go:152.10,154.5 1 1
github.com/tealwp/gofileparser/parser.go:160.64,167.2 1 1
github.com/tealwp/gofileparser/parser.go:170.74,176.48 2 0
github.com/tealwp/gofileparser/parser.go:176.48,177.42 1 0
github.com/tealwp/gofileparser/parser.go:177.42,179.4 1 0
github.com/tealwp/gofileparser/parser.go:181.2,181.14 1 0
github.com/tealwp/gofileparser/parser.go:185.86,193.2 2 0
github.com/tealwp/gofileparser/parser.go:196.74,205.2 1 1
github.com/tealwp/gofileparser/parser.go:208.70,218.2 1 1
github.com/tealwp/gofileparser/parser.go:221.61,223.19 2 1
github.com/tealwp/gofileparser/parser.go:223.19,224.37 1 1
github.com/tealwp/gofileparser/parser.go:224.37,225.37 1 1
github.com/tealwp/gofileparser/parser.go:225.37,230.5 1 1
github.com/tealwp/gofileparser/parser.go:233.2,233.15 1 1
github.com/tealwp/gofileparser/parser.go:237.52,238.44 1 1
github.com/tealwp/gofileparser/parser.go:238.44,240.3 1 1
github.com/tealwp/gofileparser/parser.go:241.2,242.36 2 1
github.com/tealwp/gofileparser/parser.go:242.36,244.3 1 1
github.com/tealwp/gofileparser/parser.go:245.2,245.21 1 1
github.com/tealwp/gofileparser/parser.go:245.21,247.3 1 1
github.com/tealwp/gofileparser/parser.go:248.2,248.46 1 0
github.com/tealwp/gofileparser/parser.go:252.71,254.45 2 1
github.com/tealwp/gofileparser/parser.go:254.45,255.45 1 0
github.com/tealwp/gofileparser/parser.go:255.45,260.4 1 0
github.com/tealwp/gofileparser/parser.go:262.2,262.17 1 1
github.com/tealwp/gofileparser/utils.go:21.41,22.17 1 1
github.com/tealwp/gofileparser/utils.go:22.17,24.3 1 1
github.com/tealwp/gofileparser/utils.go:25.2,26.68 2 1
github.com/tealwp/gofileparser/utils.go:26.68,28.3 1 0
github.com/tealwp/gofileparser/utils.go:29.2,29.21 1 1
github.com/tealwp/gofileparser/utils.go:42.53,43.18 1 1
github.com/tealwp/gofileparser/utils.go:43.18,45.3 1 1
github.com/tealwp/gofileparser/utils.go:46.2,48.21 3 1
github.com/tealwp/gofileparser/utils.go:61.39,63.2 1 1
